Current Time = 14:18:29
VOLT? 2022-09-09 14:18:28.915658 / 1.00005 1.00005 0.99989 0.99989 1.00005 0.99989 0.99973 0.99989 0.99989 1.00005
Current Time = 14:19:04
VOLT? 2022-09-09 14:19:04.026397 / 0.99957 1.00005 0.99989 0.99957 0.99989 0.99973 0.99989 1.00005 1.00021 1.00005
Current Time = 14:20:15
VOLT? 2022-09-09 14:20:14.922513 / 1.00021 0.99989 1.00021 0.99989 0.99989 0.99973 0.99989 1.00005 0.99973 1.00005
Current Time = 14:20:25
VOLT? 2022-09-09 14:20:24.917054 / 0.99989 0.99973 0.99989 0.99989 1.00005 1.00005 0.99989 1.00021 0.99973 1.00021
Current Time = 14:20:35
VOLT? 2022-09-09 14:20:34.921736 / 0.99973 1.00021 0.99973 1.00005 1.00037 0.99973 0.99989 0.99957 0.99973 1.00005
Current Time = 14:20:45
VOLT? 2022-09-09 14:20:44.915838 / 1.00037 0.99973 1.00005 1.00021 0.99973 0.99957 0.99989 1.00021 1.00021 0.99973
Current Time = 14:20:55
VOLT? 2022-09-09 14:20:54.923429 / 1.00005 1.00005 1.00005 1.00005 0.99989 1.00005 0.99957 1.00005 0.99989 0.99989
Current Time = 14:21:08
VOLT=0 setting VOLT 0.0
Current Time = 14:21:10
VOLT? 2022-09-09 14:21:09.916250 / 0.36319 0.26227 0.16104 0.06061 -0.00055 -0.00039 -0.00023 -0.00023 -0.00023 0.00009
Current Time = 14:21:12
VOLT? 2022-09-09 14:21:11.920896 / -0.00023 -0.00023 -0.00071 -0.00023 -0.00055 -0.00023 -0.00039 -0.00039 -0.00007 -0.00039
Current Time = 14:21:14
VOLT=0 setting VOLT 0.0
Current Time = 14:28:20
VOLT? 2022-09-09 14:28:19.929253 / 1.00005 0.99989 1.00005 0.99989 1.00005 0.99989 0.99989 1.00005 1.00005 0.99989
Current Time = 14:28:22
VOLT? 2022-09-09 14:28:21.926378 / 0.99989 0.99989 0.99957 1.00021 0.99973 1.00005 1.00005 1.00005 0.99973 1.00005
Current Time = 14:28:23
VOLT=0 setting VOLT 0.0
Current Time = 14:28:26
VOLT? 2022-09-09 14:28:25.922449 / 1.00005 1.00005 0.99989 1.00005 1.00021 0.99989 0.99989 1.00005 1.00005 0.99957
Current Time = 14:28:31
VOLT=3 setting VOLT 3.0
Current Time = 14:28:32
VOLT? 2022-09-09 14:28:32.928961 / 0.99989 1.00005 1.00005 0.99989 0.99989 0.99989 1.00005 0.99989 0.99989 0.99957
Current Time = 14:28:35
VOLT? 2022-09-09 14:28:34.921053 / 0.99957 0.99957 1.00021 1.00005 0.99973 0.99989 0.99957 0.99989 1.00005 0.99973
Current Time = 14:28:36
VOLT? 2022-09-09 14:28:35.929787 / 0.99989 0.99973 1.00005 0.99957 0.99940 1.00005 0.99957 0.99957 1.00005 0.99989
Current Time = 14:28:47
VOLT=3 setting VOLT 3.0
Current Time = 14:29:55
VOLT? 2022-09-09 14:29:55.924270 / 1.00005 0.99989 1.00021 1.00005 1.00021 0.99973 0.99973 0.99973 1.00037 0.99989
Current Time = 14:29:56
VOLT=3 setting VOLT 3.0
Current Time = 14:29:58
VOLT? 2022-09-09 14:29:57.925937 / 0.99989 1.00021 1.00021 0.99989 1.00005 0.99989 0.99973 1.00005 0.99989 0.99989
Current Time = 14:29:58
VOLT=3 setting VOLT 3.0
Current Time = 14:30:00
VOLT? 2022-09-09 14:29:59.921435 / 0.99973 1.00021 0.99973 0.99989 0.99989 1.00005 1.00005 0.99973 1.00005 0.99989
Current Time = 14:30:00
VOLT=3 setting VOLT 3.0
Current Time = 14:30:14
VOLT? 2022-09-09 14:30:13.931268 / 1.00005 1.00005 0.99973 0.99989 0.99973 0.99973 0.99973 0.99973 0.99989 0.99989
Current Time = 14:30:16
VOLT=3 setting VOLT 3.0
Current Time = 14:30:20
VOLT=0 setting VOLT 0.0
Current Time = 14:30:22
VOLT? 2022-09-09 14:30:21.924656 / 0.99989 0.99989 1.00005 0.99989 0.99973 0.99989 0.99957 0.99989 1.00021 0.99940
Current Time = 14:30:25
VOLT? 2022-09-09 14:30:24.928673 / 0.99973 0.99940 1.00005 0.99973 1.00005 1.00005 1.00037 1.00021 1.00005 1.00053
Current Time = 14:31:45
VOLT? 2022-09-09 14:31:44.925213 / 0.99973 0.99989 0.99989 0.99989 0.99973 1.00021 1.00005 1.00085 0.99973 0.99957
Current Time = 14:31:47
VOLT=0 setting VOLT 0.0
Current Time = 14:33:14
VOLT? 2022-09-09 14:33:13.931653 / 1.00037 0.99989 0.99973 0.99957 1.00005 1.00005 0.99989 0.99973 0.99973 0.99989
Current Time = 14:33:15
VOLT=0 setting VOLT 0.0
Current Time = 14:33:30
VOLT=1 setting VOLT 1.0
Current Time = 14:34:04
VOLT=1 setting VOLT 1.0
Current Time = 14:34:08
VOLT? 2022-09-09 14:34:08.928552 / 0.99989 1.00021 0.99989 0.99989 1.00005 0.99973 1.00021 0.99957 1.00005 1.00005
Current Time = 14:34:11
VOLT=3 setting VOLT 3.0
Current Time = 14:34:14
VOLT? 2022-09-09 14:34:13.928020 / 2.99998 2.99982 2.99998 2.99982 2.99982 2.99998 2.99966 2.99982 2.99998 2.99982
Current Time = 14:34:19
VOLT=0 setting VOLT 0.0
Current Time = 15:55:53
VOLT? 2022-09-09 15:55:53.550539 / -0.00055 -0.00039 -0.00023 -0.00023 -0.00023 -0.00039 -0.00023 -0.00023 -0.00039 -0.00023
Current Time = 15:55:57
VOLT=1 setting VOLT 1.0
Current Time = 15:56:20
CUR? 2022-09-09 15:56:18.211106 / -1.074841E-08 -9.608969E-09 -6.710814E-09 -7.218610E-09 -6.723199E-09 -9.559428E-09 -7.478701E-09 -7.726408E-09 -5.633296E-09 -7.367235E-09
Current Time = 15:56:29
VOLT? 2022-09-09 15:56:29.542748 / 0.99973 0.99973 0.99989 1.00005 0.99973 0.99973 0.99989 0.99989 0.99989 1.00005
Current Time = 15:56:30
CUR? 2022-09-09 15:56:28.973204 / -4.907525E-09 -6.183208E-09 -7.211188E-09 -8.945127E-09 -6.183210E-09 -8.969898E-09 -4.857985E-09 -5.229544E-09 -7.619903E-09 -5.477249E-09
Current Time = 15:56:32
VOLT=1 setting VOLT 1.0
Current Time = 15:56:32
VOLT? 2022-09-09 15:56:32.542819 / 1.00005 0.99989 0.99973 1.00005 0.99989 0.99989 0.99989 0.99989 0.99989 0.99957
Current Time = 15:56:33
CUR? 2022-09-09 15:56:31.663285 / -7.149257E-09 -7.669439E-09 -7.929529E-09 -6.368984E-09 -6.542382E-09 -6.245135E-09 -6.468070E-09 -7.248343E-09 -7.235958E-09 -5.848806E-09
Current Time = 16:04:07
VOLT=0 setting VOLT 0.0
Current Time = 16:04:09
VOLT? 2022-09-09 16:04:08.549047 / 0.99989 0.99989 0.99973 0.91861 0.81786 0.71711 0.61603 0.51528 0.41388 0.31281
Current Time = 16:04:11
VOLT? 2022-09-09 16:04:11.549163 / -0.00007 -0.00023 -0.00023 -0.00039 -0.00007 -0.00039 -0.00023 -0.00023 -0.00039 -0.00023
Current Time = 16:06:01
VOLT=0 setting VOLT 0.0
Current Time = 16:06:02
VOLT? 2022-09-09 16:06:01.551564 / -0.00007 -0.00007 -0.00023 -0.00007 -0.00007 0.00009 -0.00007 -0.00023 -0.00007 -0.00023
Current Time = 16:06:03
CUR? 2022-09-09 16:06:02.181561 / -6.756058E-09 -5.864317E-09 -7.400094E-09 -5.418448E-09 -7.486791E-09 -6.099639E-09 -8.130826E-09 -7.969818E-09 -7.672571E-09 -9.158805E-09
Current Time = 16:10:35
VOLT=0 setting VOLT 0.0
Current Time = 16:10:42
VOLT? 2022-09-09 16:10:42.550540 / -0.00007 -0.00039 -0.00007 -0.00007 -0.00007 -0.00023 -0.00007 0.00009 -0.00039 -0.00023
